[2023-09-08 07:44:17 +0000] [7] [INFO] Starting gunicorn 21.2.0
[2023-09-08 07:44:17 +0000] [7] [INFO] Listening at: http://0.0.0.0:5000 (7)
[2023-09-08 07:44:17 +0000] [7] [INFO] Using worker: sync
[2023-09-08 07:44:17 +0000] [24] [INFO] Booting worker with pid: 24
[2023-09-08 07:44:17 +0000] [25] [INFO] Booting worker with pid: 25
[2023-09-08 07:44:19,957] INFO in logout: Logout user with id 1
[2023-09-08 07:45:38,710] INFO in logout: Logout user with id 1
[2023-09-08 07:46:05,790] INFO in login: Login successful attempt
[2023-09-08 07:46:11,270] INFO in logout: Logout user with id 1
[2023-09-08 09:07:18 +0000] [7] [CRITICAL] WORKER TIMEOUT (pid:24)
[2023-09-08 09:07:18 +0000] [7] [CRITICAL] WORKER TIMEOUT (pid:25)
[2023-09-08 09:07:18 +0000] [25] [INFO] Worker exiting (pid: 25)
[2023-09-08 09:07:18 +0000] [24] [INFO] Worker exiting (pid: 24)
[2023-09-08 09:07:19 +0000] [7] [ERROR] Worker (pid:25) exited with code 1
[2023-09-08 09:07:19 +0000] [7] [ERROR] Worker (pid:25) exited with code 1.
[2023-09-08 09:07:19 +0000] [7] [ERROR] Worker (pid:24) exited with code 1
[2023-09-08 09:07:19 +0000] [7] [ERROR] Worker (pid:24) exited with code 1.
[2023-09-08 09:07:19 +0000] [26] [INFO] Booting worker with pid: 26
[2023-09-08 09:07:19 +0000] [27] [INFO] Booting worker with pid: 27
[2023-09-08 09:10:33,662] INFO in login: Login successful attempt
[2023-09-08 09:26:59 +0000] [7] [INFO] Starting gunicorn 21.2.0
[2023-09-08 09:26:59 +0000] [7] [INFO] Listening at: http://0.0.0.0:5000 (7)
[2023-09-08 09:26:59 +0000] [7] [INFO] Using worker: sync
[2023-09-08 09:26:59 +0000] [24] [INFO] Booting worker with pid: 24
[2023-09-08 09:26:59 +0000] [25] [INFO] Booting worker with pid: 25
[2023-09-08 09:27:39,660] INFO in routes: Default route user
[2023-09-08 09:28:36,068] INFO in prompt: New prompt from user with id 1
[2023-09-08 09:28:36,069] INFO in prompt: Embeddings call
[2023-09-08 09:28:36,690] INFO in prompt: Embeddings end call
[2023-09-08 09:28:46,382] INFO in rating: New rating committed
[2023-09-08 09:29:05,725] INFO in routes: Default route user
[2023-09-08 09:29:35,819] INFO in logout: Logout user with id 1
[2023-09-08 09:59:38 +0000] [7] [INFO] Starting gunicorn 21.2.0
[2023-09-08 09:59:38 +0000] [7] [INFO] Listening at: http://0.0.0.0:5000 (7)
[2023-09-08 09:59:38 +0000] [7] [INFO] Using worker: sync
[2023-09-08 09:59:38 +0000] [24] [INFO] Booting worker with pid: 24
[2023-09-08 09:59:39 +0000] [25] [INFO] Booting worker with pid: 25
[2023-09-08 09:59:39 +0000] [26] [INFO] Booting worker with pid: 26
[2023-09-08 09:59:39 +0000] [27] [INFO] Booting worker with pid: 27
[2023-09-08 09:59:39 +0000] [28] [INFO] Booting worker with pid: 28
[2023-09-08 09:59:39 +0000] [29] [INFO] Booting worker with pid: 29
[2023-09-08 09:59:39 +0000] [30] [INFO] Booting worker with pid: 30
[2023-09-08 09:59:39 +0000] [31] [INFO] Booting worker with pid: 31
[2023-09-08 09:59:39 +0000] [32] [INFO] Booting worker with pid: 32
[2023-09-08 09:59:39 +0000] [33] [INFO] Booting worker with pid: 33
[2023-09-08 09:59:39 +0000] [34] [INFO] Booting worker with pid: 34
[2023-09-08 09:59:39 +0000] [35] [INFO] Booting worker with pid: 35
[2023-09-08 09:59:39 +0000] [36] [INFO] Booting worker with pid: 36
[2023-09-08 09:59:39 +0000] [37] [INFO] Booting worker with pid: 37
[2023-09-08 09:59:40 +0000] [38] [INFO] Booting worker with pid: 38
[2023-09-08 09:59:40 +0000] [39] [INFO] Booting worker with pid: 39
[2023-09-08 09:59:40 +0000] [40] [INFO] Booting worker with pid: 40
[2023-09-08 10:00:05,601] INFO in routes: Default route user
[2023-09-08 10:01:00,227] INFO in logout: Logout user with id 1
[2023-09-08 10:01:28,150] INFO in login: Login successful attempt
[2023-09-08 10:16:25 +0000] [7] [INFO] Starting gunicorn 21.2.0
[2023-09-08 10:16:25 +0000] [7] [INFO] Listening at: http://0.0.0.0:5000 (7)
[2023-09-08 10:16:25 +0000] [7] [INFO] Using worker: sync
[2023-09-08 10:16:25 +0000] [24] [INFO] Booting worker with pid: 24
[2023-09-08 10:16:25 +0000] [25] [INFO] Booting worker with pid: 25
[2023-09-08 10:16:25 +0000] [26] [INFO] Booting worker with pid: 26
[2023-09-08 10:16:25 +0000] [27] [INFO] Booting worker with pid: 27
[2023-09-08 10:16:25 +0000] [28] [INFO] Booting worker with pid: 28
[2023-09-08 10:16:25 +0000] [29] [INFO] Booting worker with pid: 29
[2023-09-08 10:16:25 +0000] [30] [INFO] Booting worker with pid: 30
[2023-09-08 10:16:25 +0000] [31] [INFO] Booting worker with pid: 31
[2023-09-08 10:16:26 +0000] [32] [INFO] Booting worker with pid: 32
[2023-09-08 10:16:26 +0000] [33] [INFO] Booting worker with pid: 33
[2023-09-08 10:16:26 +0000] [34] [INFO] Booting worker with pid: 34
[2023-09-08 10:16:26 +0000] [35] [INFO] Booting worker with pid: 35
[2023-09-08 10:16:26 +0000] [36] [INFO] Booting worker with pid: 36
[2023-09-08 10:16:26 +0000] [37] [INFO] Booting worker with pid: 37
[2023-09-08 10:16:26 +0000] [38] [INFO] Booting worker with pid: 38
[2023-09-08 10:16:26 +0000] [39] [INFO] Booting worker with pid: 39
[2023-09-08 10:16:26 +0000] [40] [INFO] Booting worker with pid: 40
[2023-09-08 10:16:57,168] INFO in routes: Default route user
[2023-09-08 10:17:07,436] INFO in login: Login successful attempt
[2023-09-08 10:18:51 +0000] [7] [INFO] Starting gunicorn 21.2.0
[2023-09-08 10:18:51 +0000] [7] [INFO] Listening at: http://0.0.0.0:5000 (7)
[2023-09-08 10:18:51 +0000] [7] [INFO] Using worker: sync
[2023-09-08 10:18:51 +0000] [24] [INFO] Booting worker with pid: 24
[2023-09-08 10:18:51 +0000] [25] [INFO] Booting worker with pid: 25
[2023-09-08 10:18:51 +0000] [26] [INFO] Booting worker with pid: 26
[2023-09-08 10:18:51 +0000] [27] [INFO] Booting worker with pid: 27
[2023-09-08 10:18:51 +0000] [28] [INFO] Booting worker with pid: 28
[2023-09-08 10:18:51 +0000] [29] [INFO] Booting worker with pid: 29
[2023-09-08 10:18:51 +0000] [30] [INFO] Booting worker with pid: 30
[2023-09-08 10:18:51 +0000] [31] [INFO] Booting worker with pid: 31
[2023-09-08 10:18:51 +0000] [32] [INFO] Booting worker with pid: 32
[2023-09-08 10:18:51 +0000] [33] [INFO] Booting worker with pid: 33
[2023-09-08 10:18:51 +0000] [34] [INFO] Booting worker with pid: 34
[2023-09-08 10:18:51 +0000] [35] [INFO] Booting worker with pid: 35
[2023-09-08 10:18:51 +0000] [36] [INFO] Booting worker with pid: 36
[2023-09-08 10:18:51 +0000] [37] [INFO] Booting worker with pid: 37
[2023-09-08 10:18:52 +0000] [38] [INFO] Booting worker with pid: 38
[2023-09-08 10:18:52 +0000] [39] [INFO] Booting worker with pid: 39
[2023-09-08 10:18:52 +0000] [40] [INFO] Booting worker with pid: 40
[2023-09-08 10:19:12,024] INFO in login: Login successful attempt
[2023-09-08 10:22:03 +0000] [7] [INFO] Starting gunicorn 21.2.0
[2023-09-08 10:22:03 +0000] [7] [INFO] Listening at: http://0.0.0.0:5000 (7)
[2023-09-08 10:22:03 +0000] [7] [INFO] Using worker: sync
[2023-09-08 10:22:03 +0000] [24] [INFO] Booting worker with pid: 24
[2023-09-08 10:22:14,079] INFO in logout: Logout user with id 1
[2023-09-08 10:22:20,013] INFO in login: Login successful attempt
[2023-09-08 10:22:29,093] INFO in logout: Logout user with id 1
[2023-09-08 10:22:33,158] INFO in login: Login successful attempt
